c:\users\sports\desktop\opengl projectos\opengl imgui projects\opengl_imgui\opengl_imgui\x64\debug\vc142.pdb
c:\users\sports\desktop\opengl projectos\opengl imgui projects\opengl_imgui\opengl_imgui\x64\debug\vc142.idb
c:\users\sports\desktop\opengl projectos\opengl imgui projects\opengl_imgui\opengl_imgui\x64\debug\uimanagerimguii.obj
c:\users\sports\desktop\opengl projectos\opengl imgui projects\opengl_imgui\opengl_imgui\x64\debug\mystartupwindow.obj
c:\users\sports\desktop\opengl projectos\opengl imgui projects\opengl_imgui\opengl_imgui\x64\debug\main.obj
c:\users\sports\desktop\opengl projectos\opengl imgui projects\opengl_imgui\opengl_imgui\x64\debug\imgui_widgets.obj
c:\users\sports\desktop\opengl projectos\opengl imgui projects\opengl_imgui\opengl_imgui\x64\debug\imgui_impl_opengl3.obj
c:\users\sports\desktop\opengl projectos\opengl imgui projects\opengl_imgui\opengl_imgui\x64\debug\imgui_impl_glfw.obj
c:\users\sports\desktop\opengl projectos\opengl imgui projects\opengl_imgui\opengl_imgui\x64\debug\imgui_draw.obj
c:\users\sports\desktop\opengl projectos\opengl imgui projects\opengl_imgui\opengl_imgui\x64\debug\imgui_demo.obj
c:\users\sports\desktop\opengl projectos\opengl imgui projects\opengl_imgui\opengl_imgui\x64\debug\imguiwrapp.obj
c:\users\sports\desktop\opengl projectos\opengl imgui projects\opengl_imgui\opengl_imgui\x64\debug\myimguiwindow.obj
c:\users\sports\desktop\opengl projectos\opengl imgui projects\opengl_imgui\opengl_imgui\x64\debug\imgui.obj
c:\users\sports\desktop\opengl projectos\opengl imgui projects\opengl_imgui\opengl_imgui\x64\debug\game.obj
c:\users\sports\desktop\opengl projectos\opengl imgui projects\opengl_imgui\opengl_imgui\x64\debug\glad.obj
c:\users\sports\desktop\opengl projectos\opengl imgui projects\opengl_imgui\bin\win64\debug\opengl_imgui.exe
c:\users\sports\desktop\opengl projectos\opengl imgui projects\opengl_imgui\bin\win64\debug\opengl_imgui.ilk
c:\users\sports\desktop\opengl projectos\opengl imgui projects\opengl_imgui\bin\win64\debug\opengl_imgui.pdb
c:\users\sports\desktop\opengl projectos\opengl imgui projects\opengl_imgui\opengl_imgui\x64\debug\opengl_imgui.tlog\cl.command.1.tlog
c:\users\sports\desktop\opengl projectos\opengl imgui projects\opengl_imgui\opengl_imgui\x64\debug\opengl_imgui.tlog\cl.read.1.tlog
c:\users\sports\desktop\opengl projectos\opengl imgui projects\opengl_imgui\opengl_imgui\x64\debug\opengl_imgui.tlog\cl.write.1.tlog
c:\users\sports\desktop\opengl projectos\opengl imgui projects\opengl_imgui\opengl_imgui\x64\debug\opengl_imgui.tlog\link.command.1.tlog
c:\users\sports\desktop\opengl projectos\opengl imgui projects\opengl_imgui\opengl_imgui\x64\debug\opengl_imgui.tlog\link.read.1.tlog
c:\users\sports\desktop\opengl projectos\opengl imgui projects\opengl_imgui\opengl_imgui\x64\debug\opengl_imgui.tlog\link.write.1.tlog
