  Game.cpp
C:\Users\sports\Desktop\Opengl projectos\Opengl Imgui projects\Opengl_Imgui\Opengl_Imgui\Game.cpp(82,53): warning C4244: 'argument': conversion from 'int' to 'float', possible loss of data
C:\Users\sports\Desktop\Opengl projectos\Opengl Imgui projects\Opengl_Imgui\Opengl_Imgui\Game.cpp(82,38): warning C4244: 'argument': conversion from 'int' to 'float', possible loss of data
  imgui.cpp
  MyImGuiWindow.cpp
  ImGuiWrapp.cpp
C:\Program Files (x86)\Windows Kits\10\Include\10.0.18362.0\shared\minwindef.h(130,1): warning C4005: 'APIENTRY': macro redefinition
C:\Users\sports\Desktop\Opengl projectos\Opengl Imgui projects\Opengl_Imgui\External\glfw\include\GLFW\glfw3.h(123): message : see previous definition of 'APIENTRY'
C:\Users\sports\Desktop\Opengl projectos\Opengl Imgui projects\Opengl_Imgui\Opengl_Imgui\ImGuiWrapp.cpp(87,69): warning C4244: 'argument': conversion from 'int' to 'float', possible loss of data
C:\Users\sports\Desktop\Opengl projectos\Opengl Imgui projects\Opengl_Imgui\Opengl_Imgui\ImGuiWrapp.cpp(233,15): warning C4244: 'initializing': conversion from 'int' to 'float', possible loss of data
  imgui_demo.cpp
  imgui_draw.cpp
  imgui_impl_glfw.cpp
  imgui_impl_opengl3.cpp
  imgui_widgets.cpp
  main.cpp
  MyStartupWindow.cpp
  UIManagerImGuiI.cpp
  Generating Code...
  glad.c
LINK : warning LNK4098: defaultlib 'MSVCRT' conflicts with use of other libs; use /NODEFAULTLIB:library
  Opengl_Imgui.vcxproj -> C:\Users\sports\Desktop\Opengl projectos\Opengl Imgui projects\Opengl_Imgui\bin\win64\Debug\Opengl_Imgui.exe
